2013.07.02 15:19:09.887 EEST INFO: *** SYSTEM START ***
2013.07.02 15:19:10.025 EEST WARNING: missing bundle: protege_text -- BundleHelper.<init>()
2013.07.17 10:33:43.446 EEST INFO: *** SYSTEM START ***
2013.07.17 10:33:43.649 EEST WARNING: missing bundle: protege_text -- BundleHelper.<init>()
2013.07.17 12:05:20.261 EEST INFO: *** SYSTEM START ***
2013.07.17 12:05:20.433 EEST WARNING: missing bundle: protege_text -- BundleHelper.<init>()
2013.07.17 12:06:06.797 EEST INFO: *** SYSTEM START ***
2013.07.17 12:06:06.969 EEST WARNING: missing bundle: protege_text -- BundleHelper.<init>()
2013.07.17 12:06:36.578 EEST WARNING: Could not open default Profile file. Message: java.io.FileNotFoundException: C:\Users\user\workspace\Product-Plug-In\plugins\edu.stanford.smi.protegex.owl\OWLProfiles.owl (Sistem belirtilen yolu bulamýyor) -- ProfilesManager.getDefaultProfileOntModel()
2013.07.17 12:06:45.408 EEST WARNING: [Local Folder Repository] The specified file must be a directory. (C:\Users\user\workspace\Product-Plug-In\plugins\edu.stanford.smi.protegex.owl) -- LocalFolderRepository.update()
2013.07.17 12:06:45.439 EEST INFO: Loading triples for: file:/C:/Program%20Files/Protege_3.5/myOwl.owl -- ProtegeOWLParser.loadTriples()
2013.07.17 12:06:45.439 EEST INFO:     Completed triple loading after 0 ms -- ProtegeOWLParser.loadTriples()
2013.07.17 12:06:45.439 EEST INFO: Postprocess: Process entities with incorrect Java type (0 entities) ...  -- TriplePostProcessor.processFramesWithWrongJavaType()
2013.07.17 12:06:45.439 EEST INFO: 0 ms
 -- TriplePostProcessor.processFramesWithWrongJavaType()
2013.07.17 12:06:45.455 EEST INFO: Postprocess: Process metaclasses (3 metaclasses) ...  -- TriplePostProcessor.processMetaclasses()
2013.07.17 12:06:45.455 EEST INFO: 0 ms
 -- TriplePostProcessor.processMetaclasses()
2013.07.17 12:06:45.455 EEST INFO: Postprocess: Process subclasses of rdf:List (1 classes) ...  -- TriplePostProcessor.processSubclassesOfRdfList()
2013.07.17 12:06:45.455 EEST INFO: 0 ms
 -- TriplePostProcessor.processSubclassesOfRdfList()
2013.07.17 12:06:45.455 EEST INFO: Postprocess: Instances with multiple types (0 instances) ...  -- TriplePostProcessor.processInstancesWithMultipleTypes()
2013.07.17 12:06:45.455 EEST INFO: 0 ms
 -- TriplePostProcessor.processInstancesWithMultipleTypes()
2013.07.17 12:06:45.455 EEST INFO: Postprocess: Add inferred superclasses ...  -- TriplePostProcessor.processInferredSuperclasses()
2013.07.17 12:06:45.455 EEST INFO: 0 ms
 -- TriplePostProcessor.processInferredSuperclasses()
2013.07.17 12:06:45.455 EEST INFO: Postprocess: Process orphan classes (0 classes) ...  -- TriplePostProcessor.processOrphanClses()
2013.07.17 12:06:45.455 EEST INFO: 0 ms
 -- TriplePostProcessor.processOrphanClses()
2013.07.17 12:06:45.455 EEST INFO: Postprocess: Generalized Concept Inclusion (0 axioms) ...  -- TriplePostProcessor.processGeneralizedConceptInclusions()
2013.07.17 12:06:45.455 EEST INFO: 0 ms
 -- TriplePostProcessor.processGeneralizedConceptInclusions()
2013.07.17 12:06:45.455 EEST INFO: Postprocess: Abstract classes...  -- TriplePostProcessor.processAbstractClasses()
2013.07.17 12:06:45.455 EEST INFO: 0 ms
 -- TriplePostProcessor.processAbstractClasses()
2013.07.17 12:06:45.455 EEST INFO: Postprocess: Domain and range of properties...  -- TriplePostProcessor.processDomainAndRange()
2013.07.17 12:06:45.455 EEST INFO: 0 ms
 -- TriplePostProcessor.processDomainAndRange()
2013.07.17 12:06:45.455 EEST INFO: Postprocess: Possibly typed entities (0 resources) ...  -- TriplePostProcessor.processPossiblyTypedResources()
2013.07.17 12:06:45.455 EEST INFO: 0 ms
 -- TriplePostProcessor.processPossiblyTypedResources()
2013.07.17 12:06:45.455 EEST INFO: Updating underlying frames model in 0 ms -- ProtegeOWLParser.doFinalPostProcessing()
2013.07.17 12:07:30.318 EEST INFO: Loading triples for: null -- ProtegeOWLParser.loadTriples()
2013.07.17 12:07:30.537 EEST INFO:     Completed triple loading after 219 ms -- ProtegeOWLParser.loadTriples()
2013.07.17 12:07:30.537 EEST INFO: Postprocess: Process entities with incorrect Java type (4 entities) ...  -- TriplePostProcessor.processFramesWithWrongJavaType()
2013.07.17 12:07:30.537 EEST INFO: 0 ms
 -- TriplePostProcessor.processFramesWithWrongJavaType()
2013.07.17 12:07:30.537 EEST INFO: Postprocess: Process metaclasses (3 metaclasses) ...  -- TriplePostProcessor.processMetaclasses()
2013.07.17 12:07:30.537 EEST INFO: 0 ms
 -- TriplePostProcessor.processMetaclasses()
2013.07.17 12:07:30.537 EEST INFO: Postprocess: Process subclasses of rdf:List (1 classes) ...  -- TriplePostProcessor.processSubclassesOfRdfList()
2013.07.17 12:07:30.537 EEST INFO: 0 ms
 -- TriplePostProcessor.processSubclassesOfRdfList()
2013.07.17 12:07:30.537 EEST INFO: Postprocess: Instances with multiple types (8 instances) ...  -- TriplePostProcessor.processInstancesWithMultipleTypes()
2013.07.17 12:07:30.537 EEST INFO: 0 ms
 -- TriplePostProcessor.processInstancesWithMultipleTypes()
2013.07.17 12:07:30.553 EEST INFO: Postprocess: Add inferred superclasses ...  -- TriplePostProcessor.processInferredSuperclasses()
2013.07.17 12:07:30.553 EEST INFO: 0 ms
 -- TriplePostProcessor.processInferredSuperclasses()
2013.07.17 12:07:30.553 EEST INFO: Postprocess: Process orphan classes (37 classes) ...  -- TriplePostProcessor.processOrphanClses()
2013.07.17 12:07:30.553 EEST INFO: 0 ms
 -- TriplePostProcessor.processOrphanClses()
2013.07.17 12:07:30.553 EEST INFO: Postprocess: Generalized Concept Inclusion (0 axioms) ...  -- TriplePostProcessor.processGeneralizedConceptInclusions()
2013.07.17 12:07:30.553 EEST INFO: 0 ms
 -- TriplePostProcessor.processGeneralizedConceptInclusions()
2013.07.17 12:07:30.553 EEST INFO: Postprocess: Abstract classes...  -- TriplePostProcessor.processAbstractClasses()
2013.07.17 12:07:30.553 EEST INFO: 0 ms
 -- TriplePostProcessor.processAbstractClasses()
2013.07.17 12:07:30.553 EEST INFO: Postprocess: Domain and range of properties...  -- TriplePostProcessor.processDomainAndRange()
2013.07.17 12:07:31.130 EEST INFO: 577 ms
 -- TriplePostProcessor.processDomainAndRange()
2013.07.17 12:07:31.130 EEST INFO: Postprocess: Possibly typed entities (2 resources) ...  -- TriplePostProcessor.processPossiblyTypedResources()
2013.07.17 12:07:31.130 EEST INFO: 0 ms
 -- TriplePostProcessor.processPossiblyTypedResources()
2013.07.17 12:07:31.130 EEST INFO: Updating underlying frames model in 0 ms -- ProtegeOWLParser.doFinalPostProcessing()
2013.07.17 12:07:32.442 EEST WARNING: Exception caught by default exception handler -- java.lang.ArrayStoreException: UnitofMeasurement
	at GoodRelationsDialog.initComponents(GoodRelationsDialog.java:70)
	at GoodRelationsDialog.<init>(GoodRelationsDialog.java:43)
	at FillProductTab.actionPerformed(FillProductTab.java:380)
	at javax.swing.AbstractButton.fireActionPerformed(Unknown Source)
	at javax.swing.AbstractButton$Handler.actionPerformed(Unknown Source)
	at javax.swing.DefaultButtonModel.fireActionPerformed(Unknown Source)
	at javax.swing.DefaultButtonModel.setPressed(Unknown Source)
	at javax.swing.plaf.basic.BasicButtonListener.mouseReleased(Unknown Source)
	at java.awt.AWTEventMulticaster.mouseReleased(Unknown Source)
	at java.awt.Component.processMouseEvent(Unknown Source)
	at javax.swing.JComponent.processMouseEvent(Unknown Source)
	at java.awt.Component.processEvent(Unknown Source)
	at java.awt.Container.processEvent(Unknown Source)
	at java.awt.Component.dispatchEventImpl(Unknown Source)
	at java.awt.Container.dispatchEventImpl(Unknown Source)
	at java.awt.Component.dispatchEvent(Unknown Source)
	at java.awt.LightweightDispatcher.retargetMouseEvent(Unknown Source)
	at java.awt.LightweightDispatcher.processMouseEvent(Unknown Source)
	at java.awt.LightweightDispatcher.dispatchEvent(Unknown Source)
	at java.awt.Container.dispatchEventImpl(Unknown Source)
	at java.awt.Window.dispatchEventImpl(Unknown Source)
	at java.awt.Component.dispatchEvent(Unknown Source)
	at java.awt.EventQueue.dispatchEventImpl(Unknown Source)
	at java.awt.EventQueue.access$000(Unknown Source)
	at java.awt.EventQueue$3.run(Unknown Source)
	at java.awt.EventQueue$3.run(Unknown Source)
	at java.security.AccessController.doPrivileged(Native Method)
	at java.security.ProtectionDomain$1.doIntersectionPrivilege(Unknown Source)
	at java.security.ProtectionDomain$1.doIntersectionPrivilege(Unknown Source)
	at java.awt.EventQueue$4.run(Unknown Source)
	at java.awt.EventQueue$4.run(Unknown Source)
	at java.security.AccessController.doPrivileged(Native Method)
	at java.security.ProtectionDomain$1.doIntersectionPrivilege(Unknown Source)
	at java.awt.EventQueue.dispatchEvent(Unknown Source)
	at java.awt.EventDispatchThread.pumpOneEventForFilters(Unknown Source)
	at java.awt.EventDispatchThread.pumpEventsForFilter(Unknown Source)
	at java.awt.EventDispatchThread.pumpEventsForHierarchy(Unknown Source)
	at java.awt.EventDispatchThread.pumpEvents(Unknown Source)
	at java.awt.EventDispatchThread.pumpEvents(Unknown Source)
	at java.awt.EventDispatchThread.run(Unknown Source)

2013.07.17 12:11:08.176 EEST INFO: *** SYSTEM START ***
2013.07.17 12:11:08.348 EEST WARNING: missing bundle: protege_text -- BundleHelper.<init>()
2013.07.17 12:11:18.426 EEST WARNING: Could not open default Profile file. Message: java.io.FileNotFoundException: C:\Users\user\workspace\Product-Plug-In\plugins\edu.stanford.smi.protegex.owl\OWLProfiles.owl (Sistem belirtilen yolu bulamýyor) -- ProfilesManager.getDefaultProfileOntModel()
2013.07.17 12:11:23.812 EEST WARNING: [Local Folder Repository] The specified file must be a directory. (C:\Users\user\workspace\Product-Plug-In\plugins\edu.stanford.smi.protegex.owl) -- LocalFolderRepository.update()
2013.07.17 12:11:23.844 EEST INFO: Loading triples for: file:/C:/Program%20Files/Protege_3.5/myOwl.owl -- ProtegeOWLParser.loadTriples()
2013.07.17 12:11:23.844 EEST INFO:     Completed triple loading after 0 ms -- ProtegeOWLParser.loadTriples()
2013.07.17 12:11:23.844 EEST INFO: Postprocess: Process entities with incorrect Java type (0 entities) ...  -- TriplePostProcessor.processFramesWithWrongJavaType()
2013.07.17 12:11:23.844 EEST INFO: 0 ms
 -- TriplePostProcessor.processFramesWithWrongJavaType()
2013.07.17 12:11:23.844 EEST INFO: Postprocess: Process metaclasses (3 metaclasses) ...  -- TriplePostProcessor.processMetaclasses()
2013.07.17 12:11:23.844 EEST INFO: 0 ms
 -- TriplePostProcessor.processMetaclasses()
2013.07.17 12:11:23.844 EEST INFO: Postprocess: Process subclasses of rdf:List (1 classes) ...  -- TriplePostProcessor.processSubclassesOfRdfList()
2013.07.17 12:11:23.844 EEST INFO: 0 ms
 -- TriplePostProcessor.processSubclassesOfRdfList()
2013.07.17 12:11:23.844 EEST INFO: Postprocess: Instances with multiple types (0 instances) ...  -- TriplePostProcessor.processInstancesWithMultipleTypes()
2013.07.17 12:11:23.844 EEST INFO: 0 ms
 -- TriplePostProcessor.processInstancesWithMultipleTypes()
2013.07.17 12:11:23.844 EEST INFO: Postprocess: Add inferred superclasses ...  -- TriplePostProcessor.processInferredSuperclasses()
2013.07.17 12:11:23.844 EEST INFO: 0 ms
 -- TriplePostProcessor.processInferredSuperclasses()
2013.07.17 12:11:23.860 EEST INFO: Postprocess: Process orphan classes (0 classes) ...  -- TriplePostProcessor.processOrphanClses()
2013.07.17 12:11:23.860 EEST INFO: 0 ms
 -- TriplePostProcessor.processOrphanClses()
2013.07.17 12:11:23.860 EEST INFO: Postprocess: Generalized Concept Inclusion (0 axioms) ...  -- TriplePostProcessor.processGeneralizedConceptInclusions()
2013.07.17 12:11:23.860 EEST INFO: 0 ms
 -- TriplePostProcessor.processGeneralizedConceptInclusions()
2013.07.17 12:11:23.860 EEST INFO: Postprocess: Abstract classes...  -- TriplePostProcessor.processAbstractClasses()
2013.07.17 12:11:23.860 EEST INFO: 0 ms
 -- TriplePostProcessor.processAbstractClasses()
2013.07.17 12:11:23.860 EEST INFO: Postprocess: Domain and range of properties...  -- TriplePostProcessor.processDomainAndRange()
2013.07.17 12:11:23.860 EEST INFO: 0 ms
 -- TriplePostProcessor.processDomainAndRange()
2013.07.17 12:11:23.860 EEST INFO: Postprocess: Possibly typed entities (0 resources) ...  -- TriplePostProcessor.processPossiblyTypedResources()
2013.07.17 12:11:23.860 EEST INFO: 0 ms
 -- TriplePostProcessor.processPossiblyTypedResources()
2013.07.17 12:11:23.860 EEST INFO: Updating underlying frames model in 0 ms -- ProtegeOWLParser.doFinalPostProcessing()
2013.07.17 12:12:17.296 EEST INFO: Loading triples for: null -- ProtegeOWLParser.loadTriples()
2013.07.17 12:12:17.500 EEST INFO:     Completed triple loading after 204 ms -- ProtegeOWLParser.loadTriples()
2013.07.17 12:12:17.500 EEST INFO: Postprocess: Process entities with incorrect Java type (4 entities) ...  -- TriplePostProcessor.processFramesWithWrongJavaType()
2013.07.17 12:12:17.500 EEST INFO: 0 ms
 -- TriplePostProcessor.processFramesWithWrongJavaType()
2013.07.17 12:12:17.500 EEST INFO: Postprocess: Process metaclasses (3 metaclasses) ...  -- TriplePostProcessor.processMetaclasses()
2013.07.17 12:12:17.500 EEST INFO: 0 ms
 -- TriplePostProcessor.processMetaclasses()
2013.07.17 12:12:17.500 EEST INFO: Postprocess: Process subclasses of rdf:List (1 classes) ...  -- TriplePostProcessor.processSubclassesOfRdfList()
2013.07.17 12:12:17.500 EEST INFO: 0 ms
 -- TriplePostProcessor.processSubclassesOfRdfList()
2013.07.17 12:12:17.500 EEST INFO: Postprocess: Instances with multiple types (8 instances) ...  -- TriplePostProcessor.processInstancesWithMultipleTypes()
2013.07.17 12:12:17.500 EEST INFO: 0 ms
 -- TriplePostProcessor.processInstancesWithMultipleTypes()
2013.07.17 12:12:17.500 EEST INFO: Postprocess: Add inferred superclasses ...  -- TriplePostProcessor.processInferredSuperclasses()
2013.07.17 12:12:17.500 EEST INFO: 0 ms
 -- TriplePostProcessor.processInferredSuperclasses()
2013.07.17 12:12:17.500 EEST INFO: Postprocess: Process orphan classes (37 classes) ...  -- TriplePostProcessor.processOrphanClses()
2013.07.17 12:12:17.500 EEST INFO: 0 ms
 -- TriplePostProcessor.processOrphanClses()
2013.07.17 12:12:17.500 EEST INFO: Postprocess: Generalized Concept Inclusion (0 axioms) ...  -- TriplePostProcessor.processGeneralizedConceptInclusions()
2013.07.17 12:12:17.500 EEST INFO: 0 ms
 -- TriplePostProcessor.processGeneralizedConceptInclusions()
2013.07.17 12:12:17.500 EEST INFO: Postprocess: Abstract classes...  -- TriplePostProcessor.processAbstractClasses()
2013.07.17 12:12:17.500 EEST INFO: 0 ms
 -- TriplePostProcessor.processAbstractClasses()
2013.07.17 12:12:17.500 EEST INFO: Postprocess: Domain and range of properties...  -- TriplePostProcessor.processDomainAndRange()
2013.07.17 12:12:18.093 EEST INFO: 593 ms
 -- TriplePostProcessor.processDomainAndRange()
2013.07.17 12:12:18.093 EEST INFO: Postprocess: Possibly typed entities (2 resources) ...  -- TriplePostProcessor.processPossiblyTypedResources()
2013.07.17 12:12:18.093 EEST INFO: 0 ms
 -- TriplePostProcessor.processPossiblyTypedResources()
2013.07.17 12:12:18.093 EEST INFO: Updating underlying frames model in 0 ms -- ProtegeOWLParser.doFinalPostProcessing()
2013.07.17 12:12:19.373 EEST WARNING: Exception caught by default exception handler -- java.lang.ArrayStoreException: UnitofMeasurement
	at GoodRelationsDialog.initComponents(GoodRelationsDialog.java:70)
	at GoodRelationsDialog.<init>(GoodRelationsDialog.java:43)
	at FillProductTab.actionPerformed(FillProductTab.java:380)
	at javax.swing.AbstractButton.fireActionPerformed(Unknown Source)
	at javax.swing.AbstractButton$Handler.actionPerformed(Unknown Source)
	at javax.swing.DefaultButtonModel.fireActionPerformed(Unknown Source)
	at javax.swing.DefaultButtonModel.setPressed(Unknown Source)
	at javax.swing.plaf.basic.BasicButtonListener.mouseReleased(Unknown Source)
	at java.awt.AWTEventMulticaster.mouseReleased(Unknown Source)
	at java.awt.Component.processMouseEvent(Unknown Source)
	at javax.swing.JComponent.processMouseEvent(Unknown Source)
	at java.awt.Component.processEvent(Unknown Source)
	at java.awt.Container.processEvent(Unknown Source)
	at java.awt.Component.dispatchEventImpl(Unknown Source)
	at java.awt.Container.dispatchEventImpl(Unknown Source)
	at java.awt.Component.dispatchEvent(Unknown Source)
	at java.awt.LightweightDispatcher.retargetMouseEvent(Unknown Source)
	at java.awt.LightweightDispatcher.processMouseEvent(Unknown Source)
	at java.awt.LightweightDispatcher.dispatchEvent(Unknown Source)
	at java.awt.Container.dispatchEventImpl(Unknown Source)
	at java.awt.Window.dispatchEventImpl(Unknown Source)
	at java.awt.Component.dispatchEvent(Unknown Source)
	at java.awt.EventQueue.dispatchEventImpl(Unknown Source)
	at java.awt.EventQueue.access$000(Unknown Source)
	at java.awt.EventQueue$3.run(Unknown Source)
	at java.awt.EventQueue$3.run(Unknown Source)
	at java.security.AccessController.doPrivileged(Native Method)
	at java.security.ProtectionDomain$1.doIntersectionPrivilege(Unknown Source)
	at java.security.ProtectionDomain$1.doIntersectionPrivilege(Unknown Source)
	at java.awt.EventQueue$4.run(Unknown Source)
	at java.awt.EventQueue$4.run(Unknown Source)
	at java.security.AccessController.doPrivileged(Native Method)
	at java.security.ProtectionDomain$1.doIntersectionPrivilege(Unknown Source)
	at java.awt.EventQueue.dispatchEvent(Unknown Source)
	at java.awt.EventDispatchThread.pumpOneEventForFilters(Unknown Source)
	at java.awt.EventDispatchThread.pumpEventsForFilter(Unknown Source)
	at java.awt.EventDispatchThread.pumpEventsForHierarchy(Unknown Source)
	at java.awt.EventDispatchThread.pumpEvents(Unknown Source)
	at java.awt.EventDispatchThread.pumpEvents(Unknown Source)
	at java.awt.EventDispatchThread.run(Unknown Source)

